<?xml version="1.0" encoding="UTF-8"?>
<!-- Generated by org.testng.reporters.JUnitReportReporter -->
<testsuite hostname="DESKTOP-IG6S3FM" failures="0" tests="1" name="com.restassured.JobsAPI.putjobs" time="4.437" errors="0" timestamp="03 Dec 2021 02:35:14 GMT" skipped="0">
  <testcase classname="com.restassured.JobsAPI.putjobs" name="testPostspecificPrograms" time="4.437"/>
</testsuite> <!-- com.restassured.JobsAPI.putjobs -->
