<?xml version="1.0" encoding="UTF-8"?>
<!-- Generated by org.testng.reporters.JUnitReportReporter -->
<testsuite hostname="DESKTOP-IG6S3FM" failures="0" tests="3" name="com.restassured.lmsapi.PostLms" time="7.310" errors="0" timestamp="02 Dec 2021 07:18:17 GMT" skipped="0">
  <testcase classname="com.restassured.lmsapi.PostLms" name="testPostspecificPrograms" time="1.861"/>
  <testcase classname="com.restassured.lmsapi.PostLms" name="testPostspecificPrograms" time="2.176"/>
  <testcase classname="com.restassured.lmsapi.PostLms" name="testPostspecificPrograms" time="3.273"/>
</testsuite> <!-- com.restassured.lmsapi.PostLms -->
