<?xml version="1.0" encoding="UTF-8"?>
<!-- Generated by org.testng.reporters.JUnitReportReporter -->
<testsuite hostname="DESKTOP-IG6S3FM" failures="0" tests="8" name="com.restassured.JobsAPI.GetPostPutDeleteForJOBSAPI" time="15.801" errors="0" timestamp="08 Dec 2021 19:30:42 GMT" skipped="0">
  <testcase classname="com.restassured.JobsAPI.GetPostPutDeleteForJOBSAPI" name="testGetallJobs" time="11.840"/>
  <testcase classname="com.restassured.JobsAPI.GetPostPutDeleteForJOBSAPI" name="testPOSTaJob" time="0.570"/>
  <testcase classname="com.restassured.JobsAPI.GetPostPutDeleteForJOBSAPI" name="testPOSTaJob" time="0.471"/>
  <testcase classname="com.restassured.JobsAPI.GetPostPutDeleteForJOBSAPI" name="testPostspecificJobsWithHashMap" time="0.877"/>
  <testcase classname="com.restassured.JobsAPI.GetPostPutDeleteForJOBSAPI" name="testPUT" time="0.459"/>
  <testcase classname="com.restassured.JobsAPI.GetPostPutDeleteForJOBSAPI" name="testPUT" time="0.458"/>
  <testcase classname="com.restassured.JobsAPI.GetPostPutDeleteForJOBSAPI" name="testDELETE" time="0.445"/>
  <testcase classname="com.restassured.JobsAPI.GetPostPutDeleteForJOBSAPI" name="testDELETE" time="0.681"/>
</testsuite> <!-- com.restassured.JobsAPI.GetPostPutDeleteForJOBSAPI -->
