<?xml version="1.0" encoding="UTF-8"?>
<!-- Generated by org.testng.reporters.JUnitReportReporter -->
<testsuite hostname="DESKTOP-IG6S3FM" failures="0" tests="3" name="com.restassured.lmsapi.restassuredGETLMSCopy" time="3.350" errors="0" timestamp="04 Dec 2021 16:42:48 GMT" skipped="2">
  <testcase classname="com.restassured.lmsapi.restassuredGETLMSCopy" name="testGetallPrograms" time="3.350"/>
  <testcase classname="com.restassured.lmsapi.restassuredGETLMSCopy" name="testGetSpecificPrograms" time="0.000">
    <skipped/>
  </testcase> <!-- testGetSpecificPrograms -->
  <testcase classname="com.restassured.lmsapi.restassuredGETLMSCopy" name="testGetSpecificPrograms" time="0.000">
    <skipped/>
  </testcase> <!-- testGetSpecificPrograms -->
</testsuite> <!-- com.restassured.lmsapi.restassuredGETLMSCopy -->
