<?xml version="1.0" encoding="UTF-8"?>
<!-- Generated by org.testng.reporters.JUnitReportReporter -->
<testsuite hostname="DESKTOP-IG6S3FM" failures="0" tests="8" name="com.restassured.lmsapi.Get" time="12.430" errors="0" timestamp="02 Dec 2021 00:54:39 GMT" skipped="0">
  <testcase classname="com.restassured.lmsapi.Get" name="testGetallPrograms" time="3.052"/>
  <testcase classname="com.restassured.lmsapi.Get" name="testGetSpecificPrograms" time="0.693"/>
  <testcase classname="com.restassured.lmsapi.Get" name="testGetSpecificProgramswithExcel" time="0.727"/>
  <testcase classname="com.restassured.lmsapi.Get" name="testGetSpecificProgramswithExcel" time="0.695"/>
  <testcase classname="com.restassured.lmsapi.Get" name="testGetSpecificProgramswithExcel" time="0.710"/>
  <testcase classname="com.restassured.lmsapi.Get" name="testPostspecificPrograms" time="3.202"/>
  <testcase classname="com.restassured.lmsapi.Get" name="testPostspecificPrograms" time="1.490"/>
  <testcase classname="com.restassured.lmsapi.Get" name="testPostspecificPrograms" time="1.861"/>
</testsuite> <!-- com.restassured.lmsapi.Get -->
