<?xml version="1.0" encoding="UTF-8"?>
<!-- Generated by org.testng.reporters.JUnitReportReporter -->
<testsuite hostname="DESKTOP-IG6S3FM" failures="0" tests="2" name="com.restassured.lmsapi.restassuredGETLMS" time="3.257" errors="0" timestamp="16 Nov 2021 19:41:36 GMT" skipped="1">
  <testcase classname="com.restassured.lmsapi.restassuredGETLMS" name="testGetallPrograms" time="3.257"/>
  <testcase classname="com.restassured.lmsapi.restassuredGETLMS" name="testGetSpecificPrograms" time="0.000">
    <skipped/>
  </testcase> <!-- testGetSpecificPrograms -->
</testsuite> <!-- com.restassured.lmsapi.restassuredGETLMS -->
