<?xml version="1.0" encoding="UTF-8"?>
<!-- Generated by org.testng.reporters.JUnitReportReporter -->
<testsuite hostname="DESKTOP-IG6S3FM" failures="0" tests="3" name="com.restassured.lmsapi.PostWithHasMap" time="3.899" errors="0" timestamp="07 Dec 2021 18:43:33 GMT" skipped="0">
  <testcase classname="com.restassured.lmsapi.PostWithHasMap" name="testPostspecificProgramsWithHashMap" time="2.585"/>
  <testcase classname="com.restassured.lmsapi.PostWithHasMap" name="testPostspecificProgramsWithHashMap" time="0.698"/>
  <testcase classname="com.restassured.lmsapi.PostWithHasMap" name="testPostspecificProgramsWithHashMap" time="0.616"/>
</testsuite> <!-- com.restassured.lmsapi.PostWithHasMap -->
