<?xml version="1.0" encoding="UTF-8"?>
<!-- Generated by org.testng.reporters.JUnitReportReporter -->
<testsuite hostname="DESKTOP-IG6S3FM" failures="0" tests="2" name="com.restassured.JobsAPI.postJob" time="4.456" errors="0" timestamp="07 Dec 2021 07:08:35 GMT" skipped="0">
  <testcase classname="com.restassured.JobsAPI.postJob" name="testPostspecificJobs" time="2.928"/>
  <testcase classname="com.restassured.JobsAPI.postJob" name="testPostspecificJobsWithHashMap" time="1.528"/>
</testsuite> <!-- com.restassured.JobsAPI.postJob -->
