<?xml version="1.0" encoding="UTF-8"?>
<!-- Generated by org.testng.reporters.JUnitReportReporter -->
<testsuite hostname="DESKTOP-IG6S3FM" failures="0" tests="3" name="com.restassured.JobsAPI.FirstGetPost" time="17.185" errors="0" timestamp="03 Dec 2021 02:11:13 GMT" skipped="0">
  <testcase classname="com.restassured.JobsAPI.FirstGetPost" name="testGet" time="14.905"/>
  <testcase classname="com.restassured.JobsAPI.FirstGetPost" name="testpost" time="1.117"/>
  <testcase classname="com.restassured.JobsAPI.FirstGetPost" name="testput" time="1.163"/>
</testsuite> <!-- com.restassured.JobsAPI.FirstGetPost -->
