<?xml version="1.0" encoding="UTF-8"?>
<!-- Generated by org.testng.reporters.JUnitReportReporter -->
<testsuite hostname="DESKTOP-IG6S3FM" failures="0" tests="1" name="com.restassured.JobsAPI.GetMethod" time="2.695" errors="0" timestamp="03 Dec 2021 01:34:41 GMT" skipped="0">
  <testcase classname="com.restassured.JobsAPI.GetMethod" name="GetListOfJobs_verifyStatusCode" time="2.695"/>
</testsuite> <!-- com.restassured.JobsAPI.GetMethod -->
