<?xml version="1.0" encoding="UTF-8"?>
<!-- Generated by org.testng.reporters.JUnitReportReporter -->
<testsuite hostname="DESKTOP-IG6S3FM" failures="0" tests="4" name="com.restassured.lmsapi.PutLms" time="8.562" errors="0" timestamp="02 Dec 2021 07:11:13 GMT" skipped="0">
  <testcase classname="com.restassured.lmsapi.PutLms" name="testPUTbylistingspecificProgramID" time="2.053"/>
  <testcase classname="com.restassured.lmsapi.PutLms" name="testPUTbylistingspecificProgramID" time="3.861"/>
  <testcase classname="com.restassured.lmsapi.PutLms" name="testPUTspecificProgramID" time="1.611"/>
  <testcase classname="com.restassured.lmsapi.PutLms" name="testPUTspecificProgramID" time="1.037"/>
</testsuite> <!-- com.restassured.lmsapi.PutLms -->
